BGL StartedWed Jul 10 2013 11:53:17 GMT-0700 (PDT)
BGL StartedWed Jul 10 2013 13:11:11 GMT-0700 (PDT)
BGL StartedWed Jul 10 2013 13:11:59 GMT-0700 (PDT)
BGL StartedWed Jul 10 2013 13:12:21 GMT-0700 (PDT)
BGL StartedWed Jul 10 2013 13:13:10 GMT-0700 (PDT)
BGL StartedWed Jul 10 2013 13:20:37 GMT-0700 (PDT)
BGL StartedWed Jul 10 2013 13:22:37 GMT-0700 (PDT)
BGL StartedWed Jul 10 2013 15:29:27 GMT-0700 (PDT)
BGL StartedWed Jul 10 2013 15:30:45 GMT-0700 (PDT)
BGL StartedWed Jul 10 2013 15:31:46 GMT-0700 (PDT)
BGL StartedWed Jul 10 2013 15:35:41 GMT-0700 (PDT)
BGL StartedWed Jul 10 2013 15:43:49 GMT-0700 (PDT)
BGL StartedWed Jul 10 2013 15:44:20 GMT-0700 (PDT)
BGL StartedWed Jul 10 2013 15:56:19 GMT-0700 (PDT)
BGL StartedWed Jul 10 2013 16:01:46 GMT-0700 (PDT)
BGL StartedWed Jul 10 2013 16:02:04 GMT-0700 (PDT)
BGL StartedThu Jul 11 2013 13:18:17 GMT+0100 (BST)
BGL StartedThu Jul 11 2013 13:29:58 GMT+0100 (BST)
BGL StartedThu Jul 11 2013 14:02:56 GMT+0100 (BST)
BGL StartedThu Jul 11 2013 14:17:46 GMT+0100 (BST)
BGL StartedThu Jul 11 2013 14:36:40 GMT+0100 (BST)
BGL StartedThu Jul 11 2013 14:39:25 GMT+0100 (BST)
BGL StartedThu Jul 11 2013 14:40:17 GMT+0100 (BST)
BGL StartedThu Jul 11 2013 14:40:36 GMT+0100 (BST)
BGL StartedThu Jul 11 2013 15:35:15 GMT+0100 (BST)
BGL StartedMon Jul 15 2013 18:05:31 GMT+0100 (BST)
BGL StartedMon Jul 15 2013 19:25:01 GMT+0100 (BST)
BGL StartedTue Jul 16 2013 12:03:17 GMT+0100 (BST)
BGL StartedTue Jul 16 2013 12:29:33 GMT+0100 (BST)
BGL StartedTue Jul 16 2013 13:00:52 GMT+0100 (BST)
BGL StartedTue Jul 16 2013 13:04:11 GMT+0100 (BST)
BGL StartedTue Jul 16 2013 13:10:18 GMT+0100 (BST)
BGL StartedTue Jul 16 2013 13:17:43 GMT+0100 (BST)
BGL StartedTue Jul 16 2013 14:50:01 GMT+0100 (BST)
BGL StartedTue Jul 16 2013 14:50:45 GMT+0100 (BST)
BGL StartedTue Jul 16 2013 14:51:42 GMT+0100 (BST)
BGL StartedTue Jul 16 2013 14:52:35 GMT+0100 (BST)
BGL StartedTue Jul 16 2013 14:56:40 GMT+0100 (BST)
BGL StartedTue Jul 16 2013 15:19:15 GMT+0100 (BST)
BGL StartedTue Jul 16 2013 15:21:56 GMT+0100 (BST)
BGL StartedMon Jul 22 2013 16:42:30 GMT+0100 (BST)
BGL StartedMon Jul 22 2013 21:39:09 GMT+0100 (BST)
BGL StartedMon Jul 22 2013 21:47:09 GMT+0100 (BST)
BGL StartedMon Jul 22 2013 21:51:50 GMT+0100 (BST)
BGL StartedMon Jul 22 2013 21:54:11 GMT+0100 (BST)
BGL StartedMon Jul 22 2013 22:18:38 GMT+0100 (BST)
BGL StartedMon Jul 22 2013 22:19:21 GMT+0100 (BST)
BGL StartedTue Jul 23 2013 11:32:53 GMT+0100 (BST)
BGL StartedTue Jul 23 2013 12:01:49 GMT+0100 (BST)
BGL StartedTue Jul 23 2013 12:12:16 GMT+0100 (BST)
BGL StartedTue Jul 23 2013 12:15:54 GMT+0100 (BST)
BGL StartedTue Jul 23 2013 12:19:24 GMT+0100 (BST)
BGL StartedTue Jul 23 2013 12:34:51 GMT+0100 (BST)
BGL StartedTue Jul 23 2013 14:25:05 GMT+0100 (BST)
BGL StartedTue Jul 23 2013 14:27:01 GMT+0100 (BST)
BGL StartedTue Jul 23 2013 15:07:05 GMT+0100 (BST)
BGL StartedWed Jul 24 2013 12:37:55 GMT+0100 (BST)
BGL StartedWed Jul 24 2013 13:49:29 GMT+0100 (BST)
BGL StartedWed Jul 24 2013 14:26:39 GMT+0100 (BST)
BGL StartedWed Jul 24 2013 14:29:54 GMT+0100 (BST)
BGL StartedWed Jul 24 2013 14:30:57 GMT+0100 (BST)
BGL StartedWed Jul 24 2013 15:26:35 GMT+0100 (BST)
BGL StartedWed Jul 24 2013 16:09:26 GMT+0100 (BST)
BGL StartedWed Jul 24 2013 16:10:17 GMT+0100 (BST)
BGL StartedWed Jul 24 2013 16:47:27 GMT+0100 (BST)
BGL StartedWed Jul 24 2013 17:58:44 GMT+0100 (BST)
BGL StartedMon Jul 29 2013 11:44:47 GMT+0100 (BST)
BGL StartedMon Jul 29 2013 12:33:27 GMT+0100 (BST)
BGL StartedMon Jul 29 2013 13:34:56 GMT+0100 (BST)
BGL StartedMon Jul 29 2013 14:15:37 GMT+0100 (BST)
BGL StartedMon Jul 29 2013 14:18:40 GMT+0100 (BST)
BGL StartedMon Jul 29 2013 14:19:00 GMT+0100 (BST)
BGL StartedMon Jul 29 2013 15:09:42 GMT+0100 (BST)
BGL StartedMon Jul 29 2013 20:07:09 GMT+0100 (BST)
BGL StartedTue Jul 30 2013 10:05:25 GMT+0100 (BST)
BGL StartedTue Jul 30 2013 10:20:03 GMT+0100 (BST)
BGL StartedTue Jul 30 2013 11:22:41 GMT+0100 (BST)
BGL StartedTue Jul 30 2013 12:11:07 GMT+0100 (BST)
BGL StartedTue Jul 30 2013 12:14:50 GMT+0100 (BST)
BGL StartedTue Jul 30 2013 13:20:13 GMT+0100 (BST)
BGL StartedTue Jul 30 2013 13:26:25 GMT+0100 (BST)
BGL StartedTue Jul 30 2013 13:33:00 GMT+0100 (BST)
BGL StartedTue Jul 30 2013 13:51:41 GMT+0100 (BST)
BGL StartedTue Jul 30 2013 14:58:32 GMT+0100 (BST)
BGL StartedTue Jul 30 2013 15:25:18 GMT+0100 (BST)
BGL StartedTue Jul 30 2013 16:00:50 GMT+0100 (BST)
BGL StartedThu Aug 01 2013 12:00:12 GMT+0100 (BST)
BGL StartedMon Aug 05 2013 22:11:23 GMT+0200 (CEST)
BGL StartedTue Aug 06 2013 10:25:55 GMT+0100 (BST)
BGL StartedTue Aug 06 2013 13:20:47 GMT+0100 (BST)
BGL StartedTue Aug 06 2013 13:47:52 GMT+0100 (BST)
BGL StartedTue Aug 06 2013 13:48:45 GMT+0100 (BST)
BGL StartedTue Aug 06 2013 14:31:10 GMT+0100 (BST)
BGL StartedTue Aug 06 2013 14:41:30 GMT+0100 (BST)
BGL StartedFri Aug 09 2013 15:59:24 GMT+0100 (BST)
BGL StartedSat Aug 10 2013 11:52:32 GMT+0100 (BST)
BGL StartedSat Aug 10 2013 12:35:29 GMT+0100 (BST)
BGL StartedSat Aug 10 2013 13:13:08 GMT+0100 (BST)
BGL StartedSat Aug 10 2013 13:15:33 GMT+0100 (BST)
BGL StartedSun Aug 11 2013 15:42:43 GMT-0400 (EDT)
BGL StartedMon Aug 12 2013 09:27:59 GMT+0100 (BST)
BGL StartedMon Aug 12 2013 09:33:53 GMT+0100 (BST)
BGL StartedMon Aug 12 2013 09:38:30 GMT+0100 (BST)
BGL StartedMon Aug 12 2013 14:32:30 GMT+0100 (BST)
BGL StartedTue Aug 13 2013 16:59:28 GMT+0100 (BST)
BGL StartedTue Sep 10 2013 13:01:14 GMT+0100 (BST)
BGL StartedTue Sep 10 2013 15:47:36 GMT+0100 (BST)
BGL StartedTue Sep 10 2013 16:05:03 GMT+0100 (BST)
BGL StartedTue Sep 10 2013 16:16:43 GMT+0100 (BST)
BGL StartedTue Sep 10 2013 16:58:16 GMT+0100 (BST)
BGL StartedTue Sep 10 2013 16:58:56 GMT+0100 (BST)
BGL StartedTue Sep 10 2013 17:12:40 GMT+0100 (BST)
BGL StartedTue Sep 10 2013 19:10:01 GMT+0100 (BST)
BGL StartedMon Sep 16 2013 15:07:28 GMT+0100 (BST)
BGL StartedMon Sep 16 2013 17:37:03 GMT+0100 (BST)
BGL StartedMon Sep 16 2013 18:03:47 GMT+0100 (BST)
BGL StartedMon Sep 16 2013 18:12:33 GMT+0100 (BST)
BGL StartedMon Sep 16 2013 18:23:10 GMT+0100 (BST)
BGL StartedMon Sep 16 2013 18:26:40 GMT+0100 (BST)
BGL StartedMon Sep 16 2013 18:28:53 GMT+0100 (BST)
BGL StartedSun Sep 22 2013 18:02:55 GMT+0100 (BST)
BGL StartedMon Sep 23 2013 12:52:07 GMT+0100 (BST)
BGL StartedMon Sep 23 2013 14:55:08 GMT+0100 (BST)
BGL StartedMon Sep 23 2013 16:06:22 GMT+0100 (BST)
BGL StartedWed Sep 25 2013 13:18:12 GMT+0100 (BST)
BGL StartedMon Sep 30 2013 22:02:31 GMT-0400 (EDT)
BGL StartedMon Sep 30 2013 22:03:14 GMT-0400 (EDT)
BGL StartedMon Sep 30 2013 22:04:44 GMT-0400 (EDT)
BGL StartedMon Sep 30 2013 22:05:25 GMT-0400 (EDT)
BGL StartedThu Oct 03 2013 21:19:47 GMT-0400 (EDT)
BGL StartedFri Oct 04 2013 11:26:29 GMT-0400 (EDT)
BGL StartedSat Oct 05 2013 09:58:30 GMT-0400 (EDT)
BGL StartedSat Oct 05 2013 10:55:57 GMT-0400 (EDT)
BGL StartedSat Oct 05 2013 11:19:53 GMT-0400 (EDT)
BGL StartedSat Oct 05 2013 12:20:44 GMT-0400 (EDT)
BGL StartedSat Oct 05 2013 12:35:05 GMT-0400 (EDT)
BGL StartedSat Oct 05 2013 12:41:08 GMT-0400 (EDT)
BGL StartedSat Oct 05 2013 12:48:22 GMT-0400 (EDT)
BGL StartedSat Oct 05 2013 14:46:04 GMT-0400 (EDT)
BGL StartedSat Oct 05 2013 14:54:50 GMT-0400 (EDT)
BGL StartedSat Oct 05 2013 15:13:25 GMT-0400 (EDT)
BGL StartedSat Oct 05 2013 15:14:38 GMT-0400 (EDT)
BGL StartedSat Oct 05 2013 15:58:27 GMT-0400 (EDT)
BGL StartedSat Oct 05 2013 16:10:38 GMT-0400 (EDT)
BGL StartedSat Oct 05 2013 16:14:39 GMT-0400 (EDT)
BGL StartedSat Oct 05 2013 16:45:12 GMT-0400 (EDT)
BGL StartedSat Oct 05 2013 16:48:58 GMT-0400 (EDT)
BGL StartedSat Oct 05 2013 16:49:29 GMT-0400 (EDT)
BGL StartedSat Oct 05 2013 17:27:48 GMT-0400 (EDT)
BGL StartedSat Oct 05 2013 17:32:12 GMT-0400 (EDT)
BGL StartedSat Oct 05 2013 17:36:14 GMT-0400 (EDT)
BGL StartedSat Oct 05 2013 17:39:34 GMT-0400 (EDT)
BGL StartedSat Oct 05 2013 19:12:48 GMT-0400 (EDT)
BGL StartedSun Oct 06 2013 10:21:48 GMT-0400 (EDT)
BGL StartedSun Oct 06 2013 10:24:54 GMT-0400 (EDT)
BGL StartedSun Oct 06 2013 10:25:55 GMT-0400 (EDT)
BGL StartedSun Oct 06 2013 10:28:11 GMT-0400 (EDT)
BGL StartedSun Oct 06 2013 10:29:05 GMT-0400 (EDT)
BGL StartedSun Oct 06 2013 10:48:17 GMT-0400 (EDT)
BGL StartedSun Oct 06 2013 10:49:38 GMT-0400 (EDT)
BGL StartedSun Oct 06 2013 10:50:02 GMT-0400 (EDT)
BGL StartedSun Oct 06 2013 10:50:39 GMT-0400 (EDT)
BGL StartedSun Oct 06 2013 10:51:07 GMT-0400 (EDT)
BGL StartedSun Oct 06 2013 10:52:55 GMT-0400 (EDT)
BGL StartedSun Oct 06 2013 10:59:26 GMT-0400 (EDT)
BGL StartedSun Oct 06 2013 11:05:33 GMT-0400 (EDT)
BGL StartedSun Oct 06 2013 11:20:21 GMT-0400 (EDT)
BGL StartedSun Oct 06 2013 11:21:47 GMT-0400 (EDT)
BGL StartedSun Oct 06 2013 12:42:21 GMT-0400 (EDT)
BGL StartedSun Oct 06 2013 13:02:04 GMT-0400 (EDT)
